ISim log file
Running: D:\FinalMUTThesis\Final\RMDCT\tf_dct_isim_beh.exe -intstyle ise -gui -tclbatch isim.cmd -wdb D:/FinalMUTThesis/Final/RMDCT/tf_dct_isim_beh.wdb 
ISim P.28xd (signature 0x1048c146)
This is a Full version of ISim.
Time resolution is 1 ps
# onerror resume
# wave add /
# run 1000 ns
Simulator is doing circuit initialization process.
Finished circuit initialization process.
# run 1.00us
# run 1.00us
# run 1.00us
# run 1.00us
# run 1.00us
# restart
# run 1.00us
Simulator is doing circuit initialization process.
Finished circuit initialization process.
# run 1.00us
# run 1.00us
# run 1.00us
# run 1.00us
