Release 14.7 - xst P.20131013 (nt)
Copyright (c) 1995-2013 Xilinx, Inc.  All rights reserved.
--> Parameter TMPDIR set to xst/projnav.tmp


Total REAL time to Xst completion: 1.00 secs
Total CPU time to Xst completion: 0.06 secs
 
--> Parameter xsthdpdir set to xst


Total REAL time to Xst completion: 1.00 secs
Total CPU time to Xst completion: 0.07 secs
 
--> Reading design: rm.prj

TABLE OF CONTENTS
  1) Synthesis Options Summary
  2) HDL Parsing
  3) HDL Elaboration
  4) HDL Synthesis
       4.1) HDL Synthesis Report
  5) Advanced HDL Synthesis
       5.1) Advanced HDL Synthesis Report
  6) Low Level Synthesis
  7) Partition Report
  8) Design Summary
       8.1) Primitive and Black Box Usage
       8.2) Device utilization summary
       8.3) Partition Resource Summary
       8.4) Timing Report
            8.4.1) Clock Information
            8.4.2) Asynchronous Control Signals Information
            8.4.3) Timing Summary
            8.4.4) Timing Details
            8.4.5) Cross Clock Domains Report


=========================================================================
*                      Synthesis Options Summary                        *
=========================================================================
---- Source Parameters
Input File Name                    : "rm.prj"
Ignore Synthesis Constraint File   : NO

---- Target Parameters
Output File Name                   : "rm"
Output Format                      : NGC
Target Device                      : xc7k70t-1-fbg676

---- Source Options
Top Module Name                    : rm
Automatic FSM Extraction           : YES
FSM Encoding Algorithm             : One-Hot
Safe Implementation                : Yes
FSM Style                          : LUT
RAM Extraction                     : Yes
RAM Style                          : Auto
ROM Extraction                     : Yes
Shift Register Extraction          : YES
ROM Style                          : Auto
Resource Sharing                   : YES
Asynchronous To Synchronous        : NO
Shift Register Minimum Size        : 2
Use DSP Block                      : Auto
Automatic Register Balancing       : No

---- Target Options
LUT Combining                      : Auto
Reduce Control Sets                : Auto
Add IO Buffers                     : NO
Global Maximum Fanout              : 100000
Add Generic Clock Buffer(BUFG)     : 32
Register Duplication               : YES
Optimize Instantiated Primitives   : NO
Use Clock Enable                   : Auto
Use Synchronous Set                : Auto
Use Synchronous Reset              : Auto
Pack IO Registers into IOBs        : Auto
Equivalent register Removal        : YES

---- General Options
Optimization Goal                  : Area
Optimization Effort                : 1
Power Reduction                    : NO
Keep Hierarchy                     : No
Netlist Hierarchy                  : As_Optimized
RTL Output                         : Yes
Global Optimization                : AllClockNets
Read Cores                         : YES
Write Timing Constraints           : NO
Cross Clock Analysis               : NO
Hierarchy Separator                : /
Bus Delimiter                      : <>
Case Specifier                     : Maintain
Slice Utilization Ratio            : 100
BRAM Utilization Ratio             : 100
DSP48 Utilization Ratio            : 100
Auto BRAM Packing                  : NO
Slice Utilization Ratio Delta      : 5

=========================================================================


=========================================================================
*                          HDL Parsing                                  *
=========================================================================
Parsing VHDL file "D:\MUTProject\KC705\PartialReconfig\Sources\RMDCT\stage2\rotate2\AddSubB\encoder.vhd" into library work
Parsing entity <encoder>.
Parsing architecture <rtl> of entity <encoder>.
Parsing VHDL file "D:\MUTProject\KC705\PartialReconfig\Sources\RMDCT\stage2\rotate2\AddSubB\BShifter23_Left.vhd" into library work
Parsing entity <BShifter23_Left>.
Parsing architecture <rtl> of entity <bshifter23_left>.
Parsing VHDL file "D:\MUTProject\KC705\PartialReconfig\Sources\RMDCT\stage2\rotate2\AddSubB\BShifter23.vhd" into library work
Parsing entity <BShifter23_Right>.
Parsing architecture <RTL> of entity <bshifter23_right>.
Parsing VHDL file "D:\MUTProject\KC705\PartialReconfig\Sources\RMDCT\stage2\rotate2\Multiplier\FPMul.vhd" into library work
Parsing entity <FPMul>.
Parsing architecture <Behavioral> of entity <fpmul>.
Parsing VHDL file "D:\MUTProject\KC705\PartialReconfig\Sources\RMDCT\stage2\rotate2\AddSubB\AddSub.vhd" into library work
Parsing entity <AddSub>.
Parsing architecture <Behavioral> of entity <addsub>.
Parsing VHDL file "D:\MUTProject\KC705\PartialReconfig\Sources\RMDCT\stage2\rotate2\rotate2.vhd" into library work
Parsing entity <rotate2>.
Parsing architecture <structural> of entity <rotate2>.
Parsing VHDL file "D:\MUTProject\KC705\PartialReconfig\Sources\RMDCT\stage2\rotate1\rotate1.vhd" into library work
Parsing entity <rotate1>.
Parsing architecture <structural> of entity <rotate1>.
Parsing VHDL file "D:\MUTProject\KC705\PartialReconfig\Sources\RMDCT\stage2\butterfly\butterfly.vhd" into library work
Parsing entity <butterfly>.
Parsing architecture <structural> of entity <butterfly>.
Parsing VHDL file "D:\MUTProject\KC705\PartialReconfig\Sources\RMDCT\reg8_32_en\reg32_en.vhd" into library work
Parsing entity <reg32_en>.
Parsing architecture <Behavioral> of entity <reg32_en>.
Parsing VHDL file "D:\MUTProject\KC705\PartialReconfig\Sources\RMDCT\reg8_32\register\register.vhd" into library work
Parsing entity <reg32>.
Parsing architecture <Behavioral> of entity <reg32>.
Parsing VHDL file "D:\MUTProject\KC705\PartialReconfig\Sources\RMDCT\stage3\stage3.vhd" into library work
Parsing entity <stage3>.
Parsing architecture <structural> of entity <stage3>.
Parsing VHDL file "D:\MUTProject\KC705\PartialReconfig\Sources\RMDCT\stage2\stage2.vhd" into library work
Parsing entity <stage2>.
Parsing architecture <structural> of entity <stage2>.
Parsing VHDL file "D:\MUTProject\KC705\PartialReconfig\Sources\RMDCT\stage1\stage1.vhd" into library work
Parsing entity <stage1>.
Parsing architecture <structural> of entity <stage1>.
Parsing VHDL file "D:\MUTProject\KC705\PartialReconfig\Sources\RMDCT\stage0\stage0.vhd" into library work
Parsing entity <stage0>.
Parsing architecture <structural> of entity <stage0>.
Parsing VHDL file "D:\MUTProject\KC705\PartialReconfig\Sources\RMDCT\reg8_32_en\reg8_32_en.vhd" into library work
Parsing entity <reg8_32_en>.
Parsing architecture <structural> of entity <reg8_32_en>.
Parsing VHDL file "D:\MUTProject\KC705\PartialReconfig\Sources\RMDCT\reg8_32\reg8_32.vhd" into library work
Parsing entity <reg8_32>.
Parsing architecture <structural> of entity <reg8_32>.
Parsing VHDL file "D:\MUTProject\KC705\PartialReconfig\Sources\RMDCT\D1_DCT8.vhd" into library work
Parsing entity <rm>.
Parsing architecture <structural> of entity <rm>.

=========================================================================
*                            HDL Elaboration                            *
=========================================================================

Elaborating entity <rm> (architecture <structural>) from library <work>.

Elaborating entity <reg8_32_en> (architecture <structural>) from library <work>.

Elaborating entity <reg32_en> (architecture <Behavioral>) from library <work>.

Elaborating entity <stage0> (architecture <structural>) from library <work>.

Elaborating entity <butterfly> (architecture <structural>) from library <work>.

Elaborating entity <AddSub> (architecture <Behavioral>) from library <work>.

Elaborating entity <BShifter23_Right> (architecture <RTL>) from library <work>.

Elaborating entity <encoder> (architecture <rtl>) from library <work>.

Elaborating entity <BShifter23_Left> (architecture <rtl>) from library <work>.

Elaborating entity <reg8_32> (architecture <structural>) from library <work>.

Elaborating entity <reg32> (architecture <Behavioral>) from library <work>.

Elaborating entity <stage1> (architecture <structural>) from library <work>.

Elaborating entity <rotate2> (architecture <structural>) from library <work>.

Elaborating entity <FPMul> (architecture <Behavioral>) from library <work>.

Elaborating entity <stage2> (architecture <structural>) from library <work>.

Elaborating entity <rotate1> (architecture <structural>) from library <work>.

Elaborating entity <stage3> (architecture <structural>) from library <work>.

=========================================================================
*                           HDL Synthesis                               *
=========================================================================

Synthesizing Unit <rm>.
    Related source file is "D:\MUTProject\KC705\PartialReconfig\Sources\RMDCT\D1_DCT8.vhd".
    Summary:
	no macro.
Unit <rm> synthesized.

Synthesizing Unit <reg8_32_en>.
    Related source file is "D:\MUTProject\KC705\PartialReconfig\Sources\RMDCT\reg8_32_en\reg8_32_en.vhd".
    Summary:
	no macro.
Unit <reg8_32_en> synthesized.

Synthesizing Unit <reg32_en>.
    Related source file is "D:\MUTProject\KC705\PartialReconfig\Sources\RMDCT\reg8_32_en\reg32_en.vhd".
    Found 32-bit register for signal <r_reg>.
    Summary:
	inferred  32 D-type flip-flop(s).
Unit <reg32_en> synthesized.

Synthesizing Unit <stage0>.
    Related source file is "D:\MUTProject\KC705\PartialReconfig\Sources\RMDCT\stage0\stage0.vhd".
    Summary:
	no macro.
Unit <stage0> synthesized.

Synthesizing Unit <butterfly>.
    Related source file is "D:\MUTProject\KC705\PartialReconfig\Sources\RMDCT\stage2\butterfly\butterfly.vhd".
    Summary:
	no macro.
Unit <butterfly> synthesized.

Synthesizing Unit <AddSub>.
    Related source file is "D:\MUTProject\KC705\PartialReconfig\Sources\RMDCT\stage2\rotate2\AddSubB\AddSub.vhd".
    Found 8-bit adder for signal <e_l[7]_GND_9_o_add_13_OUT> created at line 1241.
    Found 25-bit adder for signal <GND_9_o_GND_9_o_add_21_OUT> created at line 96.
    Found 8-bit subtractor for signal <GND_9_o_GND_9_o_sub_16_OUT<7:0>> created at line 83.
    Found 5-bit subtractor for signal <diff<4:0>> created at line 45.
    Found 25-bit subtractor for signal <GND_9_o_GND_9_o_sub_20_OUT<24:0>> created at line 98.
    Found 8-bit comparator greater for signal <e2[7]_e1[7]_LessThan_5_o> created at line 58
    Found 8-bit comparator equal for signal <e2[7]_e1[7]_equal_6_o> created at line 58
    Found 23-bit comparator greater for signal <m2[22]_m1[22]_LessThan_7_o> created at line 58
    Found 23-bit comparator equal for signal <m2[22]_m1[22]_equal_9_o> created at line 60
    Summary:
	inferred   4 Adder/Subtractor(s).
	inferred   4 Comparator(s).
	inferred  84 Multiplexer(s).
Unit <AddSub> synthesized.

Synthesizing Unit <BShifter23_Right>.
    Related source file is "D:\MUTProject\KC705\PartialReconfig\Sources\RMDCT\stage2\rotate2\AddSubB\BShifter23.vhd".
    Summary:
	inferred   5 Multiplexer(s).
Unit <BShifter23_Right> synthesized.

Synthesizing Unit <encoder>.
    Related source file is "D:\MUTProject\KC705\PartialReconfig\Sources\RMDCT\stage2\rotate2\AddSubB\encoder.vhd".
    Summary:
	inferred  23 Multiplexer(s).
Unit <encoder> synthesized.

Synthesizing Unit <BShifter23_Left>.
    Related source file is "D:\MUTProject\KC705\PartialReconfig\Sources\RMDCT\stage2\rotate2\AddSubB\BShifter23_Left.vhd".
    Summary:
	inferred   5 Multiplexer(s).
Unit <BShifter23_Left> synthesized.

Synthesizing Unit <reg8_32>.
    Related source file is "D:\MUTProject\KC705\PartialReconfig\Sources\RMDCT\reg8_32\reg8_32.vhd".
    Summary:
	no macro.
Unit <reg8_32> synthesized.

Synthesizing Unit <reg32>.
    Related source file is "D:\MUTProject\KC705\PartialReconfig\Sources\RMDCT\reg8_32\register\register.vhd".
    Found 32-bit register for signal <r_reg>.
    Summary:
	inferred  32 D-type flip-flop(s).
Unit <reg32> synthesized.

Synthesizing Unit <stage1>.
    Related source file is "D:\MUTProject\KC705\PartialReconfig\Sources\RMDCT\stage1\stage1.vhd".
    Summary:
	no macro.
Unit <stage1> synthesized.

Synthesizing Unit <rotate2>.
    Related source file is "D:\MUTProject\KC705\PartialReconfig\Sources\RMDCT\stage2\rotate2\rotate2.vhd".
    Summary:
	no macro.
Unit <rotate2> synthesized.

Synthesizing Unit <FPMul>.
    Related source file is "D:\MUTProject\KC705\PartialReconfig\Sources\RMDCT\stage2\rotate2\Multiplier\FPMul.vhd".
    Found 9-bit adder for signal <e_sum> created at line 63.
    Found 8-bit adder for signal <e_bl[7]_GND_18_o_add_8_OUT> created at line 1241.
    Found 8-bit subtractor for signal <e_bl<7:0>> created at line 42.
    Found 24x24-bit multiplier for signal <m_bl> created at line 70.
    Summary:
	inferred   1 Multiplier(s).
	inferred   3 Adder/Subtractor(s).
	inferred   3 Multiplexer(s).
Unit <FPMul> synthesized.

Synthesizing Unit <stage2>.
    Related source file is "D:\MUTProject\KC705\PartialReconfig\Sources\RMDCT\stage2\stage2.vhd".
    Summary:
	no macro.
Unit <stage2> synthesized.

Synthesizing Unit <rotate1>.
    Related source file is "D:\MUTProject\KC705\PartialReconfig\Sources\RMDCT\stage2\rotate1\rotate1.vhd".
    Summary:
	no macro.
Unit <rotate1> synthesized.

Synthesizing Unit <stage3>.
    Related source file is "D:\MUTProject\KC705\PartialReconfig\Sources\RMDCT\stage3\stage3.vhd".
    Summary:
	no macro.
Unit <stage3> synthesized.

=========================================================================
HDL Synthesis Report

Macro Statistics
# Multipliers                                          : 16
 24x24-bit multiplier                                  : 16
# Adders/Subtractors                                   : 152
 25-bit addsub                                         : 26
 5-bit subtractor                                      : 26
 8-bit adder                                           : 42
 8-bit subtractor                                      : 42
 9-bit adder                                           : 16
# Registers                                            : 40
 32-bit register                                       : 40
# Comparators                                          : 104
 23-bit comparator equal                               : 26
 23-bit comparator greater                             : 26
 8-bit comparator equal                                : 26
 8-bit comparator greater                              : 26
# Multiplexers                                         : 3090
 1-bit 2-to-1 multiplexer                              : 1872
 23-bit 2-to-1 multiplexer                             : 172
 24-bit 2-to-1 multiplexer                             : 182
 25-bit 2-to-1 multiplexer                             : 104
 32-bit 2-to-1 multiplexer                             : 16
 5-bit 2-to-1 multiplexer                              : 624
 8-bit 2-to-1 multiplexer                              : 120
# Xors                                                 : 68
 1-bit xor2                                            : 68

=========================================================================
INFO:Xst:1767 - HDL ADVISOR - Resource sharing has identified that some arithmetic operations in this design can share the same physical resources for reduced device utilization. For improved clock frequency you may try to disable resource sharing.

=========================================================================
*                       Advanced HDL Synthesis                          *
=========================================================================


=========================================================================
Advanced HDL Synthesis Report

Macro Statistics
# Multipliers                                          : 16
 24x24-bit multiplier                                  : 16
# Adders/Subtractors                                   : 152
 25-bit addsub                                         : 26
 5-bit subtractor                                      : 26
 8-bit adder                                           : 58
 8-bit subtractor                                      : 42
# Registers                                            : 1280
 Flip-Flops                                            : 1280
# Comparators                                          : 104
 23-bit comparator equal                               : 26
 23-bit comparator greater                             : 26
 8-bit comparator equal                                : 26
 8-bit comparator greater                              : 26
# Multiplexers                                         : 3090
 1-bit 2-to-1 multiplexer                              : 1872
 23-bit 2-to-1 multiplexer                             : 172
 24-bit 2-to-1 multiplexer                             : 182
 25-bit 2-to-1 multiplexer                             : 104
 32-bit 2-to-1 multiplexer                             : 16
 5-bit 2-to-1 multiplexer                              : 624
 8-bit 2-to-1 multiplexer                              : 120
# Xors                                                 : 68
 1-bit xor2                                            : 68

=========================================================================

=========================================================================
*                         Low Level Synthesis                           *
=========================================================================

Optimizing unit <reg8_32_en> ...

Optimizing unit <reg32_en> ...

Optimizing unit <reg8_32> ...

Optimizing unit <reg32> ...

Optimizing unit <rm> ...

Optimizing unit <AddSub> ...

Mapping all equations...
Building and optimizing final netlist ...
Found area constraint ratio of 100 (+ 5) on block rm, actual ratio is 28.

Final Macro Processing ...

=========================================================================
Final Register Report

Macro Statistics
# Registers                                            : 1280
 Flip-Flops                                            : 1280

=========================================================================

=========================================================================
*                           Partition Report                            *
=========================================================================

Partition Implementation Status
-------------------------------

  No Partitions were found in this design.

-------------------------------

=========================================================================
*                            Design Summary                             *
=========================================================================

Top Level Output File Name         : rm.ngc

Primitive and Black Box Usage:
------------------------------
# BELS                             : 12610
#      GND                         : 1
#      LUT2                        : 232
#      LUT3                        : 1383
#      LUT4                        : 2069
#      LUT5                        : 2152
#      LUT6                        : 4349
#      MUXCY                       : 1404
#      MUXF7                       : 31
#      VCC                         : 1
#      XORCY                       : 988
# FlipFlops/Latches                : 1280
#      FDC                         : 1024
#      FDCE                        : 256
# DSPs                             : 32
#      DSP48E1                     : 32

Device utilization summary:
---------------------------

Selected Device : 7k70tfbg676-1 


Slice Logic Utilization: 
 Number of Slice Registers:            1280  out of  82000     1%  
 Number of Slice LUTs:                10185  out of  41000    24%  
    Number used as Logic:             10185  out of  41000    24%  

Slice Logic Distribution: 
 Number of LUT Flip Flop pairs used:  10430
   Number with an unused Flip Flop:    9150  out of  10430    87%  
   Number with an unused LUT:           245  out of  10430     2%  
   Number of fully used LUT-FF pairs:  1035  out of  10430     9%  
   Number of unique control sets:         2

IO Utilization: 
 Number of IOs:                         515
 Number of bonded IOBs:                   0  out of    300     0%  

Specific Feature Utilization:
 Number of DSP48E1s:                     32  out of    240    13%  

---------------------------
Partition Resource Summary:
---------------------------

  No Partitions were found in this design.

---------------------------


=========================================================================
Timing Report

NOTE: THESE TIMING NUMBERS ARE ONLY A SYNTHESIS ESTIMATE.
      FOR ACCURATE TIMING INFORMATION PLEASE REFER TO THE TRACE REPORT
      GENERATED AFTER PLACE-and-ROUTE.

Clock Information:
------------------
-----------------------------------+------------------------------+-------+
Clock Signal                       | Clock buffer(FF name)        | Load  |
-----------------------------------+------------------------------+-------+
clk                                | NONE(reg8_32_0/reg7/r_reg_31)| 1280  |
-----------------------------------+------------------------------+-------+
INFO:Xst:2169 - HDL ADVISOR - Some clock signals were not automatically buffered by XST with BUFG/BUFR resources. Please use the buffer_type constraint in order to insert these buffers to the clock signals to help prevent skew problems.

Asynchronous Control Signals Information:
----------------------------------------
No asynchronous control signals found in this design

Timing Summary:
---------------
Speed Grade: -1

   Minimum period: 18.093ns (Maximum Frequency: 55.270MHz)
   Minimum input arrival time before clock: 0.325ns
   Maximum output required time after clock: 0.282ns
   Maximum combinational path delay: No path found

Timing Details:
---------------
All values displayed in nanoseconds (ns)

=========================================================================
Timing constraint: Default period analysis for Clock 'clk'
  Clock period: 18.093ns (frequency: 55.270MHz)
  Total number of paths / destination ports: 13546467900992 / 1024
-------------------------------------------------------------------------
Delay:               18.093ns (Levels of Logic = 37)
  Source:            reg8_32_2/reg1/r_reg_9 (FF)
  Destination:       reg8_32_3/reg1/r_reg_18 (FF)
  Source Clock:      clk rising
  Destination Clock: clk rising

  Data Path: reg8_32_2/reg1/r_reg_9 to reg8_32_3/reg1/r_reg_18
                                Gate     Net
    Cell:in->out      fanout   Delay   Delay  Logical Name (Net Name)
    ----------------------------------------  ------------
     FDC:C->Q              3   0.282   0.413  reg8_32_2/reg1/r_reg_9 (reg8_32_2/reg1/r_reg_9)
     DSP48E1:A9->PCOUT47    1   3.421   0.000  stage2/rotate20/mul1/Mmult_m_bl (stage2/rotate20/mul1/Mmult_m_bl_PCOUT_to_stage2/rotate20/mul1/Mmult_m_bl1_PCIN_47)
     DSP48E1:PCIN47->P7    6   1.286   0.635  stage2/rotate20/mul1/Mmult_m_bl1 (stage2/rotate20/mul1/m_bl<24>)
     LUT4:I1->O           15   0.053   0.727  stage2/rotate20/mul1/Mmux_o1121 (stage2/rotate20/mid1<1>)
     LUT4:I0->O            0   0.053   0.000  stage2/rotate20/adder/Mcompar_m2[22]_m1[22]_LessThan_7_o_lutdi (stage2/rotate20/adder/Mcompar_m2[22]_m1[22]_LessThan_7_o_lutdi)
     MUXCY:DI->O           1   0.278   0.000  stage2/rotate20/adder/Mcompar_m2[22]_m1[22]_LessThan_7_o_cy<0> (stage2/rotate20/adder/Mcompar_m2[22]_m1[22]_LessThan_7_o_cy<0>)
     MUXCY:CI->O           1   0.015   0.000  stage2/rotate20/adder/Mcompar_m2[22]_m1[22]_LessThan_7_o_cy<1> (stage2/rotate20/adder/Mcompar_m2[22]_m1[22]_LessThan_7_o_cy<1>)
     MUXCY:CI->O           1   0.015   0.000  stage2/rotate20/adder/Mcompar_m2[22]_m1[22]_LessThan_7_o_cy<2> (stage2/rotate20/adder/Mcompar_m2[22]_m1[22]_LessThan_7_o_cy<2>)
     MUXCY:CI->O           1   0.015   0.000  stage2/rotate20/adder/Mcompar_m2[22]_m1[22]_LessThan_7_o_cy<3> (stage2/rotate20/adder/Mcompar_m2[22]_m1[22]_LessThan_7_o_cy<3>)
     MUXCY:CI->O           1   0.015   0.000  stage2/rotate20/adder/Mcompar_m2[22]_m1[22]_LessThan_7_o_cy<4> (stage2/rotate20/adder/Mcompar_m2[22]_m1[22]_LessThan_7_o_cy<4>)
     MUXCY:CI->O           1   0.015   0.000  stage2/rotate20/adder/Mcompar_m2[22]_m1[22]_LessThan_7_o_cy<5> (stage2/rotate20/adder/Mcompar_m2[22]_m1[22]_LessThan_7_o_cy<5>)
     MUXCY:CI->O           1   0.015   0.000  stage2/rotate20/adder/Mcompar_m2[22]_m1[22]_LessThan_7_o_cy<6> (stage2/rotate20/adder/Mcompar_m2[22]_m1[22]_LessThan_7_o_cy<6>)
     MUXCY:CI->O           1   0.015   0.000  stage2/rotate20/adder/Mcompar_m2[22]_m1[22]_LessThan_7_o_cy<7> (stage2/rotate20/adder/Mcompar_m2[22]_m1[22]_LessThan_7_o_cy<7>)
     MUXCY:CI->O           1   0.015   0.000  stage2/rotate20/adder/Mcompar_m2[22]_m1[22]_LessThan_7_o_cy<8> (stage2/rotate20/adder/Mcompar_m2[22]_m1[22]_LessThan_7_o_cy<8>)
     MUXCY:CI->O           1   0.015   0.000  stage2/rotate20/adder/Mcompar_m2[22]_m1[22]_LessThan_7_o_cy<9> (stage2/rotate20/adder/Mcompar_m2[22]_m1[22]_LessThan_7_o_cy<9>)
     MUXCY:CI->O           1   0.178   0.413  stage2/rotate20/adder/Mcompar_m2[22]_m1[22]_LessThan_7_o_cy<10> (stage2/rotate20/adder/Mcompar_m2[22]_m1[22]_LessThan_7_o_cy<10>)
     LUT6:I5->O            1   0.053   0.413  stage2/rotate20/adder/Mcompar_m2[22]_m1[22]_LessThan_7_o_cy<11> (stage2/rotate20/adder/Mcompar_m2[22]_m1[22]_LessThan_7_o_cy<11>)
     LUT6:I5->O           91   0.053   0.578  stage2/rotate20/adder/e1gte236 (stage2/rotate20/adder/e1gte2)
     LUT3:I2->O            5   0.053   0.426  stage2/rotate20/adder/Mmux_e_l11 (stage2/rotate20/adder/Madd_e_l[7]_GND_9_o_add_13_OUT_cy<0>)
     MUXCY:DI->O           1   0.278   0.000  stage2/rotate20/adder/Msub_diff<4:0>_cy<0> (stage2/rotate20/adder/Msub_diff<4:0>_cy<0>)
     XORCY:CI->O          34   0.320   0.566  stage2/rotate20/adder/Msub_diff<4:0>_xor<1> (stage2/rotate20/adder/diff<1>)
     LUT6:I5->O            2   0.053   0.419  stage2/rotate20/adder/diff<1>151 (stage2/rotate20/adder/diff<1>_mmx_out5)
     LUT5:I4->O            1   0.053   0.602  stage2/rotate20/adder/Mmux_m_o_B172 (stage2/rotate20/adder/Mmux_m_o_B171)
     LUT6:I3->O            1   0.053   0.413  stage2/rotate20/adder/Mmux_m_o_B174 (stage2/rotate20/adder/Mmux_m_o_rs_B<2>)
     LUT6:I5->O            1   0.053   0.000  stage2/rotate20/adder/Mmux_m_o_rs_lut<2> (stage2/rotate20/adder/Mmux_m_o_rs_lut<2>)
     MUXCY:S->O            1   0.291   0.000  stage2/rotate20/adder/Mmux_m_o_rs_cy<2> (stage2/rotate20/adder/Mmux_m_o_rs_cy<2>)
     MUXCY:CI->O           1   0.015   0.000  stage2/rotate20/adder/Mmux_m_o_rs_cy<3> (stage2/rotate20/adder/Mmux_m_o_rs_cy<3>)
     MUXCY:CI->O           1   0.015   0.000  stage2/rotate20/adder/Mmux_m_o_rs_cy<4> (stage2/rotate20/adder/Mmux_m_o_rs_cy<4>)
     XORCY:CI->O           6   0.320   0.635  stage2/rotate20/adder/Mmux_m_o_rs_xor<5> (stage2/rotate20/adder/m_o<5>)
     LUT3:I0->O            2   0.053   0.491  stage2/rotate20/adder/enc/Mmux_o131131 (stage2/rotate20/adder/enc/Mmux_o13113)
     LUT6:I4->O            1   0.053   0.413  stage2/rotate20/adder/Mmux_shl_val22 (stage2/rotate20/adder/Mmux_shl_val21)
     LUT5:I4->O            1   0.053   0.413  stage2/rotate20/adder/Mmux_shl_val23 (stage2/rotate20/adder/Mmux_shl_val22)
     LUT5:I4->O            1   0.053   0.413  stage2/rotate20/adder/Mmux_shl_val24 (stage2/rotate20/adder/Mmux_shl_val23)
     LUT6:I5->O           27   0.053   0.890  stage2/rotate20/adder/Mmux_shl_val25 (stage2/rotate20/adder/shl_val<1>)
     LUT6:I0->O            4   0.053   0.622  stage2/rotate20/adder/shl_val<1>31 (stage2/rotate20/adder/shl_val<1>_mmx_out11)
     LUT5:I2->O            1   0.053   0.413  stage2/rotate20/adder/Mmux_o1<0>1131 (stage2/rotate20/adder/Mmux_o1<0>113)
     LUT6:I5->O            1   0.053   0.413  stage2/rotate20/adder/Mmux_o1<0>1132 (stage2/rotate20/adder/Mmux_o1<0>1131)
     LUT6:I5->O            1   0.053   0.000  stage2/rotate20/adder/Mmux_o1<0>1133 (mid0_5<18>)
     FDC:D                     0.011          reg8_32_3/reg0/r_reg_18
    ----------------------------------------
    Total                     18.093ns (7.784ns logic, 10.309ns route)
                                       (43.0% logic, 57.0% route)

=========================================================================
Timing constraint: Default OFFSET IN BEFORE for Clock 'clk'
  Total number of paths / destination ports: 1792 / 1792
-------------------------------------------------------------------------
Offset:              0.325ns (Levels of Logic = 0)
  Source:            reset (PAD)
  Destination:       reg8_32_0/reg7/r_reg_31 (FF)
  Destination Clock: clk rising

  Data Path: reset to reg8_32_0/reg7/r_reg_31
                                Gate     Net
    Cell:in->out      fanout   Delay   Delay  Logical Name (Net Name)
    ----------------------------------------  ------------
     FDCE:CLR                  0.325          reg8_32_0/reg7/r_reg_0
    ----------------------------------------
    Total                      0.325ns (0.325ns logic, 0.000ns route)
                                       (100.0% logic, 0.0% route)

=========================================================================
Timing constraint: Default OFFSET OUT AFTER for Clock 'clk'
  Total number of paths / destination ports: 256 / 256
-------------------------------------------------------------------------
Offset:              0.282ns (Levels of Logic = 0)
  Source:            reg8_32_4/reg0/r_reg_31 (FF)
  Destination:       o0<31> (PAD)
  Source Clock:      clk rising

  Data Path: reg8_32_4/reg0/r_reg_31 to o0<31>
                                Gate     Net
    Cell:in->out      fanout   Delay   Delay  Logical Name (Net Name)
    ----------------------------------------  ------------
     FDC:C->Q              0   0.282   0.000  reg8_32_4/reg0/r_reg_31 (reg8_32_4/reg0/r_reg_31)
    ----------------------------------------
    Total                      0.282ns (0.282ns logic, 0.000ns route)
                                       (100.0% logic, 0.0% route)

=========================================================================

Cross Clock Domains Report:
--------------------------

Clock to Setup on destination clock clk
---------------+---------+---------+---------+---------+
               | Src:Rise| Src:Fall| Src:Rise| Src:Fall|
Source Clock   |Dest:Rise|Dest:Rise|Dest:Fall|Dest:Fall|
---------------+---------+---------+---------+---------+
clk            |   18.093|         |         |         |
---------------+---------+---------+---------+---------+

=========================================================================


Total REAL time to Xst completion: 32.00 secs
Total CPU time to Xst completion: 31.11 secs
 
--> 

Total memory usage is 304984 kilobytes

Number of errors   :    0 (   0 filtered)
Number of warnings :    0 (   0 filtered)
Number of infos    :    2 (   0 filtered)

